<?xml version="1.0" encoding="UTF-8"?>
<!-- Generated by org.testng.reporters.JUnitXMLReporter -->
<testsuite ignored="0" hostname="Daman-Studios" failures="0" tests="3" name="Default test" time="2.412" errors="0" timestamp="2023-07-11T22:47:34 IST">
  <testcase classname="businessLogic.DynamicJson" name="addBook" time="2.075"/>
  <testcase classname="businessLogic.DynamicJson" name="addBook" time="0.136"/>
  <testcase classname="businessLogic.DynamicJson" name="addBook" time="0.122"/>
</testsuite> <!-- Default test -->
