<?xml version="1.0" encoding="UTF-8"?>
<testng-results ignored="0" total="3" passed="3" failed="0" skipped="0">
  <reporter-output>
  </reporter-output>
  <suite started-at="2023-07-11T22:47:32 IST" name="Default suite" finished-at="2023-07-11T22:47:34 IST" duration-ms="2412">
    <groups>
    </groups>
    <test started-at="2023-07-11T22:47:32 IST" name="Default test" finished-at="2023-07-11T22:47:34 IST" duration-ms="2412">
      <class name="businessLogic.DynamicJson">
        <test-method signature="addBook(java.lang.String,int)[pri:0, instance:businessLogic.DynamicJson@48f2bd5b]" started-at="2023-07-11T22:47:32 IST" name="addBook" data-provider="booksData" finished-at="2023-07-11T22:47:34 IST" duration-ms="2075" status="PASS">
          <params>
            <param index="0">
              <value>
                <![CDATA[AcDB]]>
              </value>
            </param>
            <param index="1">
              <value>
                <![CDATA[1111]]>
              </value>
            </param>
          </params>
          <reporter-output>
          </reporter-output>
        </test-method> <!-- addBook -->
        <test-method signature="addBook(java.lang.String,int)[pri:0, instance:businessLogic.DynamicJson@48f2bd5b]" started-at="2023-07-11T22:47:34 IST" name="addBook" data-provider="booksData" finished-at="2023-07-11T22:47:34 IST" duration-ms="136" status="PASS">
          <params>
            <param index="0">
              <value>
                <![CDATA[Acda]]>
              </value>
            </param>
            <param index="1">
              <value>
                <![CDATA[2222]]>
              </value>
            </param>
          </params>
          <reporter-output>
          </reporter-output>
        </test-method> <!-- addBook -->
        <test-method signature="addBook(java.lang.String,int)[pri:0, instance:businessLogic.DynamicJson@48f2bd5b]" started-at="2023-07-11T22:47:34 IST" name="addBook" data-provider="booksData" finished-at="2023-07-11T22:47:34 IST" duration-ms="122" status="PASS">
          <params>
            <param index="0">
              <value>
                <![CDATA[AcdC]]>
              </value>
            </param>
            <param index="1">
              <value>
                <![CDATA[3333]]>
              </value>
            </param>
          </params>
          <reporter-output>
          </reporter-output>
        </test-method> <!-- addBook -->
      </class> <!-- businessLogic.DynamicJson -->
    </test> <!-- Default test -->
  </suite> <!-- Default suite -->
</testng-results>
