<?xml version="1.0" encoding="UTF-8"?>
<testng-results ignored="0" total="1" passed="1" failed="0" skipped="0">
  <reporter-output>
  </reporter-output>
  <suite started-at="2023-07-10T22:52:25 IST" name="Default suite" finished-at="2023-07-10T22:52:27 IST" duration-ms="2184">
    <groups>
    </groups>
    <test started-at="2023-07-10T22:52:25 IST" name="Default test" finished-at="2023-07-10T22:52:27 IST" duration-ms="2184">
      <class name="businessLogic.DynamicJson">
        <test-method signature="addBook()[pri:0, instance:businessLogic.DynamicJson@18078bef]" started-at="2023-07-10T22:52:25 IST" name="addBook" finished-at="2023-07-10T22:52:27 IST" duration-ms="2125" status="PASS">
          <reporter-output>
          </reporter-output>
        </test-method> <!-- addBook -->
      </class> <!-- businessLogic.DynamicJson -->
    </test> <!-- Default test -->
  </suite> <!-- Default suite -->
</testng-results>
